$ opennextjs-cloudflare build && opennextjs-cloudflare preview

в”Ңв”Җв”Җв”Җв”Җв”Җв”Җв”Җв”Җв”Җв”Җв”Җв”Җв”Җв”Җв”Җв”Җв”Җв”Җв”Җв”Җв”Җв”Җв”Җв”Җв”Җв”Җв”Җв”Җв”Җв”җ
в”Ӯ OpenNext вҖ” Cloudflare build в”Ӯ
в””в”Җв”Җв”Җв”Җв”Җв”Җв”Җв”Җв”Җв”Җв”Җв”Җв”Җв”Җв”Җв”Җв”Җв”Җв”Җв”Җв”Җв”Җв”Җв”Җв”Җв”Җв”Җв”Җв”Җв”ҳ

WARN OpenNext is not fully compatible with Windows.
WARN For optimal performance, it is recommended to use Windows Subsystem for Linux (WSL).
WARN While OpenNext may function on Windows, it could encounter unpredictable failures during runtime.
App directory: C:\Perso\calyroc
Next.js version : 16.2.10
@opennextjs/cloudflare version: 1.20.1
@opennextjs/aws version: 4.0.2
workerd compatibility_date: 2026-07-10

в”Ңв”Җв”Җв”Җв”Җв”Җв”Җв”Җв”Җв”Җв”Җв”Җв”Җв”Җв”Җв”Җв”Җв”Җв”Җв”Җв”Җв”Җв”Җв”Җв”Җв”Җв”Җв”Җв”Җв”Җв”Җв”Җв”Җв”Җв”җ
в”Ӯ OpenNext вҖ” Building Next.js app в”Ӯ
в””в”Җв”Җв”Җв”Җв”Җв”Җв”Җв”Җв”Җв”Җв”Җв”Җв”Җв”Җв”Җв”Җв”Җв”Җв”Җв”Җв”Җв”Җв”Җв”Җв”Җв”Җв”Җв”Җв”Җв”Җв”Җв”Җв”Җв”ҳ

$ next build
в–І Next.js 16.2.10 (Turbopack)

вҡ  The "middleware" file convention is deprecated. Please use "proxy" instead. Learn more: https://nextjs.org/docs/messages/middleware-to-proxy
  Creating an optimized production build ...
вң“ Compiled successfully in 2.5s
  Running TypeScript ...
  Finished TypeScript in 2.9s ...
  Collecting page data using 5 workers ...
  Generating static pages using 5 workers (0/53) ...
  Generating static pages using 5 workers (13/53) 
  Generating static pages using 5 workers (26/53) 
  Generating static pages using 5 workers (39/53) 
вң“ Generating static pages using 5 workers (53/53) in 410ms
  Finalizing page optimization ...

Route (app)
в”Ң в—Ӣ /_not-found
в”ң в—Ҹ /[locale]
в”Ӯ в”ң /fr
в”Ӯ в”ң /en
в”Ӯ в”ң /es
в”Ӯ в”” [+3 more paths]
в”ң Ж’ /[locale]/[...rest]
в”ң в—Ҹ /[locale]/cgv
в”Ӯ в”ң /fr/cgv
в”Ӯ в”ң /en/cgv
в”Ӯ в”ң /es/cgv
в”Ӯ в”” [+3 more paths]
в”ң в—Ҹ /[locale]/confidentialite
в”Ӯ в”ң /fr/confidentialite
в”Ӯ в”ң /en/confidentialite
в”Ӯ в”ң /es/confidentialite
в”Ӯ в”” [+3 more paths]
в”ң в—Ҹ /[locale]/contact
в”Ӯ в”ң /fr/contact
в”Ӯ в”ң /en/contact
в”Ӯ в”ң /es/contact
в”Ӯ в”” [+3 more paths]
в”ң в—Ҹ /[locale]/mentions-legales
в”Ӯ в”ң /fr/mentions-legales
в”Ӯ в”ң /en/mentions-legales
в”Ӯ в”ң /es/mentions-legales
в”Ӯ в”” [+3 more paths]
в”ң Ж’ /-/opengraph-image
в”ң в—Ҹ /[locale]/realisations
в”Ӯ в”ң /fr/realisations
в”Ӯ в”ң /en/realisations
в”Ӯ в”ң /es/realisations
в”Ӯ в”” [+3 more paths]
в”ң в—Ҹ /[locale]/services
в”Ӯ в”ң /fr/services
в”Ӯ в”ң /en/services
в”Ӯ в”ң /es/services
в”Ӯ в”” [+3 more paths]
в”ң в—Ҹ /[locale]/tarifs
в”Ӯ в”ң /fr/tarifs
в”Ӯ в”ң /en/tarifs
в”Ӯ в”ң /es/tarifs
в”Ӯ в”” [+3 more paths]
в”ң Ж’ /api/chat
в”ң в—Ӣ /robots.txt
в”” в—Ӣ /sitemap.xml


Ж’ Proxy (Middleware)

в—Ӣ  (Static)   prerendered as static content
в—Ҹ  (SSG)      prerendered as static HTML (uses generateStaticParams)
Ж’  (Dynamic)  server-rendered on demand


в”Ңв”Җв”Җв”Җв”Җв”Җв”Җв”Җв”Җв”Җв”Җв”Җв”Җв”Җв”Җв”Җв”Җв”Җв”Җв”Җв”Җв”Җв”Җв”Җв”Җв”Җв”Җв”Җв”Җв”Җв”Җв”җ
в”Ӯ OpenNext вҖ” Generating bundle в”Ӯ
в””в”Җв”Җв”Җв”Җв”Җв”Җв”Җв”Җв”Җв”Җв”Җв”Җв”Җв”Җв”Җв”Җв”Җв”Җв”Җв”Җв”Җв”Җв”Җв”Җв”Җв”Җв”Җв”Җв”Җв”Җв”ҳ

Bundling middleware function...
Bundling static assets...
Bundling cache assets...
Building server function: default...
Applying code patches: 2.965s
# copyPackageTemplateFiles
[35mвҡҷпёҸ Bundling the OpenNext server...
[0m
[35mWorker saved in `.open-next\worker.js` рҹҡҖ
[0m
OpenNext build complete.

в”Ңв”Җв”Җв”Җв”Җв”Җв”Җв”Җв”Җв”Җв”Җв”Җв”Җв”Җв”Җв”Җв”Җв”Җв”Җв”Җв”Җв”Җв”Җв”Җв”Җв”Җв”Җв”Җв”Җв”Җв”Җв”Җв”җ
в”Ӯ OpenNext вҖ” Cloudflare preview в”Ӯ
в””в”Җв”Җв”Җв”Җв”Җв”Җв”Җв”Җв”Җв”Җв”Җв”Җв”Җв”Җв”Җв”Җв”Җв”Җв”Җв”Җв”Җв”Җв”Җв”Җв”Җв”Җв”Җв”Җв”Җв”Җв”Җв”ҳ

WARN OpenNext is not fully compatible with Windows.
WARN For optimal performance, it is recommended to use Windows Subsystem for Linux (WSL).
WARN While OpenNext may function on Windows, it could encounter unpredictable failures during runtime.
вҺ” Establishing remote connection...
[33mв–І [43;33m[[43;30mWARNING[43;33m][0m [1mAI bindings always access remote resources, and so may incur usage charges even in local dev. To suppress this warning, set `remote: true` for the binding definition in your configuration file.[0m


Incremental cache does not need populating
Tag cache does not need populating

 вӣ…пёҸ wrangler 4.110.0
в”Җв”Җв”Җв”Җв”Җв”Җв”Җв”Җв”Җв”Җв”Җв”Җв”Җв”Җв”Җв”Җв”Җв”Җв”Җв”Җ
Your Worker has access to the following bindings:
Binding            Resource      Mode
env.AI             AI            remote
env.ASSETS         Assets        local

